action: py27, msg: envreport
cwd: /home/appsec/Documents/Assignment2
cmd: /home/appsec/Documents/Assignment2/.tox/py27/bin/python -m pip freeze
DEPRECATION: Python 2.7 will reach the end of its life on January 1st, 2020. Please upgrade your Python as Python 2.7 won't be maintained after that date. A future version of pip will drop support for Python 2.7. More details about Python 2 support in pip, can be found at https://pip.pypa.io/en/latest/development/release-process/#python-2-support
backports.functools-lru-cache==1.5
beautifulsoup4==4.8.1
bs4==0.0.1
certifi==2019.9.11
chardet==3.0.4
Click==7.0
Flask==1.1.1
Flask-Session==0.3.1
Flask-Sessionstore==0.4.5
Flask-WTF==0.14.2
html5lib==1.0.1
HTMLParser==0.0.2
idna==2.8
itsdangerous==1.1.0
Jinja2==2.10.3
MarkupSafe==1.1.1
mechanize==0.4.3
parsing==1.6.1
requests==2.22.0
selenium==3.141.0
six==1.12.0
soupsieve==1.9.4
testutils==0.2.0
urllib3==1.25.6
webencodings==0.5.1
Werkzeug==0.16.0
WTForms==2.2.1
