action: py27, msg: getenv
cwd: /home/appsec/Documents/Appsec2
cmd: /home/appsec/Documents/Appsec2/.tox/py27/bin/python -m pip install bs4 mechanize Flask==1.1.1 Flask-Session==0.3.1 Flask-Sessionstore==0.4.5 WTForms==2.2.1 HTMLParser flask-wtf requests parsing testutils
DEPRECATION: Python 2.7 will reach the end of its life on January 1st, 2020. Please upgrade your Python as Python 2.7 won't be maintained after that date. A future version of pip will drop support for Python 2.7. More details about Python 2 support in pip, can be found at https://pip.pypa.io/en/latest/development/release-process/#python-2-support
Processing /home/appsec/.cache/pip/wheels/a0/b0/b2/4f80b9456b87abedbc0bf2d52235414c3467d8889be38dd472/bs4-0.0.1-cp27-none-any.whl
Collecting mechanize
  Using cached https://files.pythonhosted.org/packages/bc/68/5ab6f96dfbdae2182e214cf9cc4790f2810c695c04034cc067b0e4ffa2b7/mechanize-0.4.3-py2.py3-none-any.whl
Collecting Flask==1.1.1
  Using cached https://files.pythonhosted.org/packages/9b/93/628509b8d5dc749656a9641f4caf13540e2cdec85276964ff8f43bbb1d3b/Flask-1.1.1-py2.py3-none-any.whl
Collecting Flask-Session==0.3.1
  Using cached https://files.pythonhosted.org/packages/7e/a3/3ba4cec2becb7c4e65dfa95052c7050832c12a1fc8a475ac572842c460bc/Flask_Session-0.3.1-py2.py3-none-any.whl
Collecting Flask-Sessionstore==0.4.5
  Using cached https://files.pythonhosted.org/packages/9a/d7/316fe3e08159b9c06d4c21a352e3f37a975a721bce6a6002c61bfe050d5e/Flask_Sessionstore-0.4.5-py2.py3-none-any.whl
Collecting WTForms==2.2.1
  Using cached https://files.pythonhosted.org/packages/9f/c8/dac5dce9908df1d9d48ec0e26e2a250839fa36ea2c602cc4f85ccfeb5c65/WTForms-2.2.1-py2.py3-none-any.whl
Processing /home/appsec/.cache/pip/wheels/e0/a1/d9/1655169e4c4354903ca3adc524b2cfd60d44767144c1faef62/HTMLParser-0.0.2-cp27-none-any.whl
Collecting flask-wtf
  Using cached https://files.pythonhosted.org/packages/60/3a/58c629472d10539ae5167dc7c1fecfa95dd7d0b7864623931e3776438a24/Flask_WTF-0.14.2-py2.py3-none-any.whl
Collecting requests
  Using cached https://files.pythonhosted.org/packages/51/bd/23c926cd341ea6b7dd0b2a00aba99ae0f828be89d72b2190f27c11d4b7fb/requests-2.22.0-py2.py3-none-any.whl
Processing /home/appsec/.cache/pip/wheels/d4/12/97/bcb338cd2644f68867cff4b1f55a615e45a09fa74dd7fc28ec/parsing-1.6.1-cp27-none-any.whl
Processing /home/appsec/.cache/pip/wheels/74/c8/31/3382fdc676cec6554208de16f98b62bcfa3169e53de9a102c7/testutils-0.2.0-py2.py3-none-any.whl
Collecting beautifulsoup4
  Using cached https://files.pythonhosted.org/packages/f9/d9/183705a87492249b212d88eef740995f55076195bcf45ed59306c146e42d/beautifulsoup4-4.8.1-py2-none-any.whl
Collecting html5lib>=0.999999999
  Using cached https://files.pythonhosted.org/packages/a5/62/bbd2be0e7943ec8504b517e62bab011b4946e1258842bc159e5dfde15b96/html5lib-1.0.1-py2.py3-none-any.whl
Collecting Jinja2>=2.10.1
  Using cached https://files.pythonhosted.org/packages/65/e0/eb35e762802015cab1ccee04e8a277b03f1d8e53da3ec3106882ec42558b/Jinja2-2.10.3-py2.py3-none-any.whl
Collecting click>=5.1
  Using cached https://files.pythonhosted.org/packages/fa/37/45185cb5abbc30d7257104c434fe0b07e5a195a6847506c074527aa599ec/Click-7.0-py2.py3-none-any.whl
Collecting Werkzeug>=0.15
  Using cached https://files.pythonhosted.org/packages/ce/42/3aeda98f96e85fd26180534d36570e4d18108d62ae36f87694b476b83d6f/Werkzeug-0.16.0-py2.py3-none-any.whl
Collecting itsdangerous>=0.24
  Using cached https://files.pythonhosted.org/packages/76/ae/44b03b253d6fade317f32c24d100b3b35c2239807046a4c953c7b89fa49e/itsdangerous-1.1.0-py2.py3-none-any.whl
Collecting idna<2.9,>=2.5
  Using cached https://files.pythonhosted.org/packages/14/2c/cd551d81dbe15200be1cf41cd03869a46fe7226e7450af7a6545bfc474c9/idna-2.8-py2.py3-none-any.whl
Collecting chardet<3.1.0,>=3.0.2
  Using cached https://files.pythonhosted.org/packages/bc/a9/01ffebfb562e4274b6487b4bb1ddec7ca55ec7510b22e4c51f14098443b8/chardet-3.0.4-py2.py3-none-any.whl
Collecting certifi>=2017.4.17
  Using cached https://files.pythonhosted.org/packages/18/b0/8146a4f8dd402f60744fa380bc73ca47303cccf8b9190fd16a827281eac2/certifi-2019.9.11-py2.py3-none-any.whl
Collecting urllib3!=1.25.0,!=1.25.1,<1.26,>=1.21.1
  Using cached https://files.pythonhosted.org/packages/e0/da/55f51ea951e1b7c63a579c09dd7db825bb730ec1fe9c0180fc77bfb31448/urllib3-1.25.6-py2.py3-none-any.whl
Collecting six>=1.8.0
  Using cached https://files.pythonhosted.org/packages/73/fb/00a976f728d0d1fecfe898238ce23f502a721c0ac0ecfedb80e0d88c64e9/six-1.12.0-py2.py3-none-any.whl
Collecting selenium>=2.53.0
  Using cached https://files.pythonhosted.org/packages/80/d6/4294f0b4bce4de0abf13e17190289f9d0613b0a44e5dd6a7f5ca98459853/selenium-3.141.0-py2.py3-none-any.whl
Collecting soupsieve>=1.2
  Using cached https://files.pythonhosted.org/packages/5d/42/d821581cf568e9b7dfc5b415aa61952b0f5e3dede4f3cbd650e3a1082992/soupsieve-1.9.4-py2.py3-none-any.whl
Collecting webencodings
  Using cached https://files.pythonhosted.org/packages/f4/24/2a3e3df732393fed8b3ebf2ec078f05546de641fe1b667ee316ec1dcf3b7/webencodings-0.5.1-py2.py3-none-any.whl
Collecting MarkupSafe>=0.23
  Using cached https://files.pythonhosted.org/packages/fb/40/f3adb7cf24a8012813c5edb20329eb22d5d8e2a0ecf73d21d6b85865da11/MarkupSafe-1.1.1-cp27-cp27mu-manylinux1_x86_64.whl
Collecting backports.functools-lru-cache; python_version < "3"
  Using cached https://files.pythonhosted.org/packages/03/8e/2424c0e65c4a066e28f539364deee49b6451f8fcd4f718fefa50cc3dcf48/backports.functools_lru_cache-1.5-py2.py3-none-any.whl
Installing collected packages: backports.functools-lru-cache, soupsieve, beautifulsoup4, bs4, six, webencodings, html5lib, mechanize, MarkupSafe, Jinja2, click, Werkzeug, itsdangerous, Flask, Flask-Session, Flask-Sessionstore, WTForms, HTMLParser, flask-wtf, idna, chardet, certifi, urllib3, requests, parsing, selenium, testutils
Successfully installed Flask-1.1.1 Flask-Session-0.3.1 Flask-Sessionstore-0.4.5 HTMLParser-0.0.2 Jinja2-2.10.3 MarkupSafe-1.1.1 WTForms-2.2.1 Werkzeug-0.16.0 backports.functools-lru-cache-1.5 beautifulsoup4-4.8.1 bs4-0.0.1 certifi-2019.9.11 chardet-3.0.4 click-7.0 flask-wtf-0.14.2 html5lib-1.0.1 idna-2.8 itsdangerous-1.1.0 mechanize-0.4.3 parsing-1.6.1 requests-2.22.0 selenium-3.141.0 six-1.12.0 soupsieve-1.9.4 testutils-0.2.0 urllib3-1.25.6 webencodings-0.5.1
WARNING: You are using pip version 19.3; however, version 19.3.1 is available.
You should consider upgrading via the 'pip install --upgrade pip' command.
